<?xml version="1.0" encoding="UTF-8"?>
<testng-results skipped="0" failed="0" ignored="0" total="1" passed="1">
  <reporter-output>
  </reporter-output>
  <suite name="Default suite" duration-ms="75845" started-at="2017-11-09T17:37:23Z" finished-at="2017-11-09T17:38:39Z">
    <groups>
    </groups>
    <test name="Default test" duration-ms="75845" started-at="2017-11-09T17:37:23Z" finished-at="2017-11-09T17:38:39Z">
      <class name="com.binupjewelry.tests.SearchAndBuyRing">
        <test-method status="PASS" signature="beforeClassPageInstatntiation()[pri:0, instance:com.binupjewelry.tests.SearchAndBuyRing@6093dd95]" name="beforeClassPageInstatntiation" is-config="true" duration-ms="28827" started-at="2017-11-09T09:37:23Z" finished-at="2017-11-09T09:37:52Z">
          <reporter-output>
          </reporter-output>
        </test-method> <!-- beforeClassPageInstatntiation -->
        <test-method status="PASS" signature="SearchAndBuyRingTest()[pri:0, instance:com.binupjewelry.tests.SearchAndBuyRing@6093dd95]" name="SearchAndBuyRingTest" duration-ms="46924" started-at="2017-11-09T09:37:52Z" finished-at="2017-11-09T09:38:39Z">
          <reporter-output>
          </reporter-output>
        </test-method> <!-- SearchAndBuyRingTest -->
      </class> <!-- com.binupjewelry.tests.SearchAndBuyRing -->
    </test> <!-- Default test -->
  </suite> <!-- Default suite -->
</testng-results>
